<?xml version="1.0" encoding="UTF-8"?>
<testsuite xmlns:xsi="http://www.w3.org/2001/XMLSchema-instance" xsi:noNamespaceSchemaLocation="https://maven.apache.org/surefire/maven-surefire-plugin/xsd/surefire-test-report-3.0.xsd" version="3.0" name="it.unisa.biblionet.prenotazioneLibri.controller.PrenotazioneLibriControllerTest" time="0.39" tests="15" errors="0" skipped="0" failures="0">
  <properties>
[...]
</properties>
  <testcase name="visualizzaRichieste1(TicketPrestito)[1]" classname="it.unisa.biblionet.prenotazioneLibri.controller.PrenotazioneLibriControllerTest" time="0.04">
    <system-out><![CDATA[2025-01-20T23:24:04.857+01:00  INFO 23276 --- [           main] t.c.s.AnnotationConfigContextLoaderUtils : Could not detect default configuration classes for test class [it.unisa.biblionet.prenotazioneLibri.controller.PrenotazioneLibriControllerTest]: PrenotazioneLibriControllerTest does not declare any static, non-private, non-final, nested classes annotated with @Configuration.
2025-01-20T23:24:04.860+01:00  INFO 23276 --- [           main] .b.t.c.SpringBootTestContextBootstrapper : Found @SpringBootConfiguration it.unisa.biblionet.BiblionetApplication for test class it.unisa.biblionet.prenotazioneLibri.controller.PrenotazioneLibriControllerTest
]]></system-out>
  </testcase>
  <testcase name="visualizzaRichieste2(TicketPrestito)[1]" classname="it.unisa.biblionet.prenotazioneLibri.controller.PrenotazioneLibriControllerTest" time="0.029"/>
  <testcase name="visualizzaRichieste3(TicketPrestito)[1]" classname="it.unisa.biblionet.prenotazioneLibri.controller.PrenotazioneLibriControllerTest" time="0.028"/>
  <testcase name="visualizzaPrenotazioniLettore1(TicketPrestito)[1]" classname="it.unisa.biblionet.prenotazioneLibri.controller.PrenotazioneLibriControllerTest" time="0.034"/>
  <testcase name="visualizzaPrenotazioniLettore2(TicketPrestito)[1]" classname="it.unisa.biblionet.prenotazioneLibri.controller.PrenotazioneLibriControllerTest" time="0.053"/>
  <testcase name="visualizzaPrenotazioniLettore3(TicketPrestito)[1]" classname="it.unisa.biblionet.prenotazioneLibri.controller.PrenotazioneLibriControllerTest" time="0.019"/>
  <testcase name="visualizzaPrenotazioniLettore4(TicketPrestito)[1]" classname="it.unisa.biblionet.prenotazioneLibri.controller.PrenotazioneLibriControllerTest" time="0.019"/>
  <testcase name="visualizzaListaLibri" classname="it.unisa.biblionet.prenotazioneLibri.controller.PrenotazioneLibriControllerTest" time="0.024"/>
  <testcase name="visualizzaPrenotazioniLettoreBadUser(TicketPrestito)[1]" classname="it.unisa.biblionet.prenotazioneLibri.controller.PrenotazioneLibriControllerTest" time="0.016"/>
  <testcase name="chiudiPrenotazione" classname="it.unisa.biblionet.prenotazioneLibri.controller.PrenotazioneLibriControllerTest" time="0.005"/>
  <testcase name="accettaPrenotazione" classname="it.unisa.biblionet.prenotazioneLibri.controller.PrenotazioneLibriControllerTest" time="0.006"/>
  <testcase name="rifiutaPrenotazione" classname="it.unisa.biblionet.prenotazioneLibri.controller.PrenotazioneLibriControllerTest" time="0.004"/>
  <testcase name="visualizzaRichiesteBadUser(TicketPrestito)[1]" classname="it.unisa.biblionet.prenotazioneLibri.controller.PrenotazioneLibriControllerTest" time="0.019"/>
  <testcase name="visualizzaListaFiltrata" classname="it.unisa.biblionet.prenotazioneLibri.controller.PrenotazioneLibriControllerTest" time="0.061"/>
  <testcase name="confermaPrenotazione" classname="it.unisa.biblionet.prenotazioneLibri.controller.PrenotazioneLibriControllerTest" time="0.005"/>
</testsuite>