<?xml version="1.0" encoding="UTF-8"?>
<testsuite xmlns:xsi="http://www.w3.org/2001/XMLSchema-instance" xsi:noNamespaceSchemaLocation="https://maven.apache.org/surefire/maven-surefire-plugin/xsd/surefire-test-report-3.0.xsd" version="3.0" name="it.unisa.biblionet.blog.controller.BlogControllerIntegrationTest" time="22.208" tests="1" errors="0" skipped="0" failures="0">
  <properties>
[...]
</properties>
  <testcase name="visualizzaRecensioni" classname="it.unisa.biblionet.blog.controller.BlogControllerIntegrationTest" time="20.757">
    <system-out><![CDATA[2025-01-20T23:19:17.168+01:00  INFO 23276 --- [           main] o.s.b.d.r.RestartApplicationListener     : Restart disabled due to context in which it is running

  .   ____          _            __ _ _
 /\\ / ___'_ __ _ _(_)_ __  __ _ \ \ \ \
( ( )\___ | '_ | '_| | '_ \/ _` | \ \ \ \
 \\/  ___)| |_)| | | | | || (_| |  ) ) ) )
  '  |____| .__|_| |_|_| |_\__, | / / / /
 =========|_|==============|___/=/_/_/_/

 :: Spring Boot ::                (v3.4.1)

2025-01-20T23:19:17.196+01:00  INFO 23276 --- [           main] i.u.b.b.c.BlogControllerIntegrationTest  : Starting BlogControllerIntegrationTest using Java 23.0.1 with PID 23276 (started by anton in C:\Users\anton\IdeaProjects\Bibliotet3)
2025-01-20T23:19:17.196+01:00  INFO 23276 --- [           main] i.u.b.b.c.BlogControllerIntegrationTest  : No active profile set, falling back to 1 default profile: "default"
2025-01-20T23:19:17.468+01:00  INFO 23276 --- [           main] .s.d.r.c.RepositoryConfigurationDelegate : Bootstrapping Spring Data JPA repositories in DEFAULT mode.
2025-01-20T23:19:17.535+01:00  INFO 23276 --- [           main] .s.d.r.c.RepositoryConfigurationDelegate : Finished Spring Data repository scanning in 65 ms. Found 15 JPA repository interfaces.
2025-01-20T23:19:17.607+01:00  INFO 23276 --- [           main] com.zaxxer.hikari.HikariDataSource       : HikariPool-10 - Starting...
2025-01-20T23:19:17.609+01:00  INFO 23276 --- [           main] com.zaxxer.hikari.pool.HikariPool        : HikariPool-10 - Added connection conn90: url=jdbc:h2:mem:db user=SA
2025-01-20T23:19:17.609+01:00  INFO 23276 --- [           main] com.zaxxer.hikari.HikariDataSource       : HikariPool-10 - Start completed.
2025-01-20T23:19:17.632+01:00  INFO 23276 --- [           main] o.hibernate.jpa.internal.util.LogHelper  : HHH000204: Processing PersistenceUnitInfo [name: default]
2025-01-20T23:19:17.635+01:00  INFO 23276 --- [           main] o.h.c.internal.RegionFactoryInitiator    : HHH000026: Second-level cache disabled
2025-01-20T23:19:17.663+01:00  INFO 23276 --- [           main] o.s.o.j.p.SpringPersistenceUnitInfo      : No LoadTimeWeaver setup: ignoring JPA class transformer
2025-01-20T23:19:17.664+01:00  INFO 23276 --- [           main] org.hibernate.orm.connections.pooling    : HHH10001005: Database info:
	Database JDBC URL [Connecting through datasource 'HikariDataSource (HikariPool-10)']
	Database driver: undefined/unknown
	Database version: 2.3.232
	Autocommit mode: undefined/unknown
	Isolation level: undefined/unknown
	Minimum pool size: undefined/unknown
	Maximum pool size: undefined/unknown
2025-01-20T23:19:17.947+01:00  INFO 23276 --- [           main] o.h.e.t.j.p.i.JtaPlatformInitiator       : HHH000489: No JTA platform available (set 'hibernate.transaction.jta.platform' to enable JTA platform integration)
2025-01-20T23:19:17.974+01:00  INFO 23276 --- [           main] j.LocalContainerEntityManagerFactoryBean : Initialized JPA EntityManagerFactory for persistence unit 'default'
2025-01-20T23:19:18.252+01:00  WARN 23276 --- [           main] JpaBaseConfiguration$JpaWebConfiguration : spring.jpa.open-in-view is enabled by default. Therefore, database queries may be performed during view rendering. Explicitly configure spring.jpa.open-in-view to disable this warning
2025-01-20T23:19:18.270+01:00  INFO 23276 --- [           main] o.s.b.a.w.s.WelcomePageHandlerMapping    : Adding welcome page template: index
2025-01-20T23:19:18.581+01:00  INFO 23276 --- [           main] o.s.b.t.m.w.SpringBootMockServletContext : Initializing Spring TestDispatcherServlet ''
2025-01-20T23:19:18.581+01:00  INFO 23276 --- [           main] o.s.t.web.servlet.TestDispatcherServlet  : Initializing Servlet ''
2025-01-20T23:19:18.584+01:00  INFO 23276 --- [           main] o.s.b.a.e.web.EndpointLinksResolver      : Exposing 1 endpoint beneath base path '/actuator'
2025-01-20T23:19:18.591+01:00  INFO 23276 --- [           main] o.s.t.web.servlet.TestDispatcherServlet  : Completed initialization in 10 ms
2025-01-20T23:19:18.608+01:00  INFO 23276 --- [           main] i.u.b.b.c.BlogControllerIntegrationTest  : Started BlogControllerIntegrationTest in 1.44 seconds (process running for 192.107)
2025-01-20T23:19:18.614+01:00  INFO 23276 --- [           main] i.unisa.biblionet.BiblionetApplication   : ***************************INIZIALIZZAZIONE DI BIBLIONET IN CORSO...***************************
2025-01-20T23:19:18.624+01:00  INFO 23276 --- [           main] i.unisa.biblionet.BiblionetApplication   : *************************** Biblioteche create 1/9 ***************************
2025-01-20T23:19:18.637+01:00  INFO 23276 --- [           main] i.unisa.biblionet.BiblionetApplication   : *************************** Esperti creati 2/9 ***************************
2025-01-20T23:19:18.643+01:00  INFO 23276 --- [           main] i.unisa.biblionet.BiblionetApplication   : *************************** Esperti creati 3/9 ***************************
2025-01-20T23:19:18.652+01:00  INFO 23276 --- [           main] i.unisa.biblionet.BiblionetApplication   : *************************** Generi creati 4/9 ***************************
2025-01-20T23:19:18.652+01:00  INFO 23276 --- [           main] i.unisa.biblionet.BiblionetApplication   : *************************** Caricamento libro 1/41 ***************************
2025-01-20T23:19:19.185+01:00  INFO 23276 --- [           main] i.unisa.biblionet.BiblionetApplication   : *************************** Caricamento libro 2/41 ***************************
2025-01-20T23:19:19.753+01:00  INFO 23276 --- [           main] i.unisa.biblionet.BiblionetApplication   : *************************** Caricamento libro 3/41 ***************************
2025-01-20T23:19:20.249+01:00  INFO 23276 --- [           main] i.unisa.biblionet.BiblionetApplication   : *************************** Caricamento libro 4/41 ***************************
2025-01-20T23:19:20.770+01:00  INFO 23276 --- [           main] i.unisa.biblionet.BiblionetApplication   : *************************** Caricamento libro 5/41 ***************************
2025-01-20T23:19:21.255+01:00  INFO 23276 --- [           main] i.unisa.biblionet.BiblionetApplication   : *************************** Caricamento libro 6/41 ***************************
2025-01-20T23:19:21.769+01:00  INFO 23276 --- [           main] i.unisa.biblionet.BiblionetApplication   : *************************** Caricamento libro 7/41 ***************************
2025-01-20T23:19:22.276+01:00  INFO 23276 --- [           main] i.unisa.biblionet.BiblionetApplication   : *************************** Caricamento libro 8/41 ***************************
2025-01-20T23:19:22.567+01:00  INFO 23276 --- [           main] i.unisa.biblionet.BiblionetApplication   : *************************** Caricamento libro 9/41 ***************************
2025-01-20T23:19:23.044+01:00  INFO 23276 --- [           main] i.unisa.biblionet.BiblionetApplication   : *************************** Caricamento libro 10/41 ***************************
2025-01-20T23:19:23.192+01:00  INFO 23276 --- [           main] i.unisa.biblionet.BiblionetApplication   : *************************** Caricamento libro 11/41 ***************************
2025-01-20T23:19:23.741+01:00  INFO 23276 --- [           main] i.unisa.biblionet.BiblionetApplication   : *************************** Caricamento libro 12/41 ***************************
2025-01-20T23:19:24.231+01:00  INFO 23276 --- [           main] i.unisa.biblionet.BiblionetApplication   : *************************** Caricamento libro 13/41 ***************************
2025-01-20T23:19:24.726+01:00  INFO 23276 --- [           main] i.unisa.biblionet.BiblionetApplication   : *************************** Caricamento libro 14/41 ***************************
2025-01-20T23:19:24.869+01:00  INFO 23276 --- [           main] i.unisa.biblionet.BiblionetApplication   : *************************** Caricamento libro 15/41 ***************************
2025-01-20T23:19:25.447+01:00  INFO 23276 --- [           main] i.unisa.biblionet.BiblionetApplication   : *************************** Caricamento libro 16/41 ***************************
2025-01-20T23:19:25.970+01:00  INFO 23276 --- [           main] i.unisa.biblionet.BiblionetApplication   : *************************** Caricamento libro 17/41 ***************************
2025-01-20T23:19:26.525+01:00  INFO 23276 --- [           main] i.unisa.biblionet.BiblionetApplication   : *************************** Caricamento libro 18/41 ***************************
2025-01-20T23:19:27.050+01:00  INFO 23276 --- [           main] i.unisa.biblionet.BiblionetApplication   : *************************** Caricamento libro 19/41 ***************************
2025-01-20T23:19:27.521+01:00  INFO 23276 --- [           main] i.unisa.biblionet.BiblionetApplication   : *************************** Caricamento libro 20/41 ***************************
2025-01-20T23:19:28.007+01:00  INFO 23276 --- [           main] i.unisa.biblionet.BiblionetApplication   : *************************** Caricamento libro 21/41 ***************************
2025-01-20T23:19:28.178+01:00  INFO 23276 --- [           main] i.unisa.biblionet.BiblionetApplication   : *************************** Caricamento libro 22/41 ***************************
2025-01-20T23:19:29.107+01:00  INFO 23276 --- [           main] i.unisa.biblionet.BiblionetApplication   : *************************** Caricamento libro 23/41 ***************************
2025-01-20T23:19:29.728+01:00  INFO 23276 --- [           main] i.unisa.biblionet.BiblionetApplication   : *************************** Caricamento libro 24/41 ***************************
2025-01-20T23:19:29.987+01:00  INFO 23276 --- [           main] i.unisa.biblionet.BiblionetApplication   : *************************** Caricamento libro 25/41 ***************************
2025-01-20T23:19:30.540+01:00  INFO 23276 --- [           main] i.unisa.biblionet.BiblionetApplication   : *************************** Caricamento libro 26/41 ***************************
2025-01-20T23:19:31.040+01:00  INFO 23276 --- [           main] i.unisa.biblionet.BiblionetApplication   : *************************** Caricamento libro 27/41 ***************************
2025-01-20T23:19:31.554+01:00  INFO 23276 --- [           main] i.unisa.biblionet.BiblionetApplication   : *************************** Caricamento libro 28/41 ***************************
2025-01-20T23:19:31.808+01:00  INFO 23276 --- [           main] i.unisa.biblionet.BiblionetApplication   : *************************** Caricamento libro 29/41 ***************************
2025-01-20T23:19:32.301+01:00  INFO 23276 --- [           main] i.unisa.biblionet.BiblionetApplication   : *************************** Caricamento libro 30/41 ***************************
2025-01-20T23:19:32.819+01:00  INFO 23276 --- [           main] i.unisa.biblionet.BiblionetApplication   : *************************** Caricamento libro 31/41 ***************************
2025-01-20T23:19:33.316+01:00  INFO 23276 --- [           main] i.unisa.biblionet.BiblionetApplication   : *************************** Caricamento libro 32/41 ***************************
2025-01-20T23:19:33.813+01:00  INFO 23276 --- [           main] i.unisa.biblionet.BiblionetApplication   : *************************** Caricamento libro 33/41 ***************************
2025-01-20T23:19:34.343+01:00  INFO 23276 --- [           main] i.unisa.biblionet.BiblionetApplication   : *************************** Caricamento libro 34/41 ***************************
2025-01-20T23:19:34.815+01:00  INFO 23276 --- [           main] i.unisa.biblionet.BiblionetApplication   : *************************** Caricamento libro 35/41 ***************************
2025-01-20T23:19:35.589+01:00  INFO 23276 --- [           main] i.unisa.biblionet.BiblionetApplication   : *************************** Caricamento libro 36/41 ***************************
2025-01-20T23:19:36.217+01:00  INFO 23276 --- [           main] i.unisa.biblionet.BiblionetApplication   : *************************** Caricamento libro 37/41 ***************************
2025-01-20T23:19:36.844+01:00  INFO 23276 --- [           main] i.unisa.biblionet.BiblionetApplication   : *************************** Caricamento libro 38/41 ***************************
2025-01-20T23:19:37.349+01:00  INFO 23276 --- [           main] i.unisa.biblionet.BiblionetApplication   : *************************** Caricamento libro 39/41 ***************************
2025-01-20T23:19:37.857+01:00  INFO 23276 --- [           main] i.unisa.biblionet.BiblionetApplication   : *************************** Caricamento libro 40/41 ***************************
2025-01-20T23:19:38.420+01:00  INFO 23276 --- [           main] i.unisa.biblionet.BiblionetApplication   : *************************** Caricamento libro 41/41 ***************************
2025-01-20T23:19:38.913+01:00  INFO 23276 --- [           main] i.unisa.biblionet.BiblionetApplication   : *************************** Libri creati 5/9 ***************************
2025-01-20T23:19:38.913+01:00  INFO 23276 --- [           main] i.unisa.biblionet.BiblionetApplication   : *************************** Inserimento Possessi biblioteca 1/10 ***************************
2025-01-20T23:19:38.918+01:00  INFO 23276 --- [           main] i.unisa.biblionet.BiblionetApplication   : *************************** Inserimento Possessi biblioteca 2/10 ***************************
2025-01-20T23:19:38.919+01:00  INFO 23276 --- [           main] i.unisa.biblionet.BiblionetApplication   : *************************** Inserimento Possessi biblioteca 3/10 ***************************
2025-01-20T23:19:38.921+01:00  INFO 23276 --- [           main] i.unisa.biblionet.BiblionetApplication   : *************************** Inserimento Possessi biblioteca 4/10 ***************************
2025-01-20T23:19:38.922+01:00  INFO 23276 --- [           main] i.unisa.biblionet.BiblionetApplication   : *************************** Inserimento Possessi biblioteca 5/10 ***************************
2025-01-20T23:19:38.923+01:00  INFO 23276 --- [           main] i.unisa.biblionet.BiblionetApplication   : *************************** Inserimento Possessi biblioteca 6/10 ***************************
2025-01-20T23:19:38.925+01:00  INFO 23276 --- [           main] i.unisa.biblionet.BiblionetApplication   : *************************** Inserimento Possessi biblioteca 7/10 ***************************
2025-01-20T23:19:38.927+01:00  INFO 23276 --- [           main] i.unisa.biblionet.BiblionetApplication   : *************************** Inserimento Possessi biblioteca 8/10 ***************************
2025-01-20T23:19:38.929+01:00  INFO 23276 --- [           main] i.unisa.biblionet.BiblionetApplication   : *************************** Inserimento Possessi biblioteca 9/10 ***************************
2025-01-20T23:19:38.931+01:00  INFO 23276 --- [           main] i.unisa.biblionet.BiblionetApplication   : *************************** Inserimento Possessi biblioteca 10/10 ***************************
2025-01-20T23:19:38.933+01:00  INFO 23276 --- [           main] i.unisa.biblionet.BiblionetApplication   : *************************** Possessi creati 6/9 ***************************
2025-01-20T23:19:38.938+01:00  INFO 23276 --- [           main] i.unisa.biblionet.BiblionetApplication   : *************************** Ticket creati 7/9 ***************************
2025-01-20T23:19:38.949+01:00  INFO 23276 --- [           main] i.unisa.biblionet.BiblionetApplication   : *************************** Club del Libro creati 8/9 ***************************
2025-01-20T23:19:38.954+01:00  INFO 23276 --- [           main] i.unisa.biblionet.BiblionetApplication   : *************************** Eventi creati 9/9 ***************************
2025-01-20T23:19:38.954+01:00  INFO 23276 --- [           main] i.unisa.biblionet.BiblionetApplication   : *************************** Recensioni create 3/3 ***************************
2025-01-20T23:19:38.958+01:00  INFO 23276 --- [           main] i.unisa.biblionet.BiblionetApplication   : *************************** DomandeBot create 4/4 ***************************
2025-01-20T23:19:38.960+01:00  INFO 23276 --- [           main] i.unisa.biblionet.BiblionetApplication   : *************************** DomandeBot create 4/4 ***************************
2025-01-20T23:19:38.964+01:00  INFO 23276 --- [           main] i.unisa.biblionet.BiblionetApplication   : *************************** RipsotaBot create 1/5 ***************************
2025-01-20T23:19:38.969+01:00  INFO 23276 --- [           main] i.unisa.biblionet.BiblionetApplication   : *************************** RispostaBot create 2/5 ***************************
2025-01-20T23:19:38.970+01:00  INFO 23276 --- [           main] i.unisa.biblionet.BiblionetApplication   : *************************** RispostaBot create 3/5 ***************************
2025-01-20T23:19:38.972+01:00  INFO 23276 --- [           main] i.unisa.biblionet.BiblionetApplication   : *************************** RispostaBot create 4/5 ***************************
2025-01-20T23:19:38.973+01:00  INFO 23276 --- [           main] i.unisa.biblionet.BiblionetApplication   : *************************** RispostaBot create 5/5 ***************************
2025-01-20T23:19:39.216+01:00  INFO 23276 --- [           main] i.unisa.biblionet.BiblionetApplication   : *************************** INIZIALIZZAZIONE DI BIBLIONET TERMINATA ***************************
2025-01-20T23:19:39.358+01:00  INFO 23276 --- [           main] j.LocalContainerEntityManagerFactoryBean : Closing JPA EntityManagerFactory for persistence unit 'default'
2025-01-20T23:19:39.361+01:00  INFO 23276 --- [           main] com.zaxxer.hikari.HikariDataSource       : HikariPool-10 - Shutdown initiated...
2025-01-20T23:19:39.366+01:00  INFO 23276 --- [           main] com.zaxxer.hikari.HikariDataSource       : HikariPool-10 - Shutdown completed.
]]></system-out>
  </testcase>
</testsuite>