<?xml version="1.0" encoding="UTF-8"?>
<testsuite xmlns:xsi="http://www.w3.org/2001/XMLSchema-instance" xsi:noNamespaceSchemaLocation="https://maven.apache.org/surefire/maven-surefire-plugin/xsd/surefire-test-report-3.0.xsd" version="3.0" name="it.unisa.biblionet.clubDelLibro.controller.ClubDelLibroControllerIntegrationTest" time="64.681" tests="3" errors="0" skipped="0" failures="0">
  <properties>
[...]
</properties>
  <testcase name="visualizzaListaEventiClubInesistenteTest" classname="it.unisa.biblionet.clubDelLibro.controller.ClubDelLibroControllerIntegrationTest" time="20.117">
    <system-out><![CDATA[2025-01-20T23:20:27.074+01:00  INFO 23276 --- [           main] o.s.b.d.r.RestartApplicationListener     : Restart disabled due to context in which it is running

  .   ____          _            __ _ _
 /\\ / ___'_ __ _ _(_)_ __  __ _ \ \ \ \
( ( )\___ | '_ | '_| | '_ \/ _` | \ \ \ \
 \\/  ___)| |_)| | | | | || (_| |  ) ) ) )
  '  |____| .__|_| |_|_| |_\__, | / / / /
 =========|_|==============|___/=/_/_/_/

 :: Spring Boot ::                (v3.4.1)

2025-01-20T23:20:27.111+01:00  INFO 23276 --- [           main] .c.ClubDelLibroControllerIntegrationTest : Starting ClubDelLibroControllerIntegrationTest using Java 23.0.1 with PID 23276 (started by anton in C:\Users\anton\IdeaProjects\Bibliotet3)
2025-01-20T23:20:27.111+01:00  INFO 23276 --- [           main] .c.ClubDelLibroControllerIntegrationTest : No active profile set, falling back to 1 default profile: "default"
2025-01-20T23:20:27.371+01:00  INFO 23276 --- [           main] .s.d.r.c.RepositoryConfigurationDelegate : Bootstrapping Spring Data JPA repositories in DEFAULT mode.
2025-01-20T23:20:27.441+01:00  INFO 23276 --- [           main] .s.d.r.c.RepositoryConfigurationDelegate : Finished Spring Data repository scanning in 69 ms. Found 15 JPA repository interfaces.
2025-01-20T23:20:27.518+01:00  INFO 23276 --- [           main] com.zaxxer.hikari.HikariDataSource       : HikariPool-15 - Starting...
2025-01-20T23:20:27.520+01:00  INFO 23276 --- [           main] com.zaxxer.hikari.pool.HikariPool        : HikariPool-15 - Added connection conn140: url=jdbc:h2:mem:db user=SA
2025-01-20T23:20:27.520+01:00  INFO 23276 --- [           main] com.zaxxer.hikari.HikariDataSource       : HikariPool-15 - Start completed.
2025-01-20T23:20:27.545+01:00  INFO 23276 --- [           main] o.hibernate.jpa.internal.util.LogHelper  : HHH000204: Processing PersistenceUnitInfo [name: default]
2025-01-20T23:20:27.548+01:00  INFO 23276 --- [           main] o.h.c.internal.RegionFactoryInitiator    : HHH000026: Second-level cache disabled
2025-01-20T23:20:27.572+01:00  INFO 23276 --- [           main] o.s.o.j.p.SpringPersistenceUnitInfo      : No LoadTimeWeaver setup: ignoring JPA class transformer
2025-01-20T23:20:27.573+01:00  INFO 23276 --- [           main] org.hibernate.orm.connections.pooling    : HHH10001005: Database info:
	Database JDBC URL [Connecting through datasource 'HikariDataSource (HikariPool-15)']
	Database driver: undefined/unknown
	Database version: 2.3.232
	Autocommit mode: undefined/unknown
	Isolation level: undefined/unknown
	Minimum pool size: undefined/unknown
	Maximum pool size: undefined/unknown
2025-01-20T23:20:27.779+01:00  INFO 23276 --- [           main] o.h.e.t.j.p.i.JtaPlatformInitiator       : HHH000489: No JTA platform available (set 'hibernate.transaction.jta.platform' to enable JTA platform integration)
2025-01-20T23:20:27.792+01:00  INFO 23276 --- [           main] j.LocalContainerEntityManagerFactoryBean : Initialized JPA EntityManagerFactory for persistence unit 'default'
2025-01-20T23:20:28.034+01:00  WARN 23276 --- [           main] JpaBaseConfiguration$JpaWebConfiguration : spring.jpa.open-in-view is enabled by default. Therefore, database queries may be performed during view rendering. Explicitly configure spring.jpa.open-in-view to disable this warning
2025-01-20T23:20:28.052+01:00  INFO 23276 --- [           main] o.s.b.a.w.s.WelcomePageHandlerMapping    : Adding welcome page template: index
2025-01-20T23:20:28.314+01:00  INFO 23276 --- [           main] o.s.b.t.m.w.SpringBootMockServletContext : Initializing Spring TestDispatcherServlet ''
2025-01-20T23:20:28.314+01:00  INFO 23276 --- [           main] o.s.t.web.servlet.TestDispatcherServlet  : Initializing Servlet ''
2025-01-20T23:20:28.317+01:00  INFO 23276 --- [           main] o.s.b.a.e.web.EndpointLinksResolver      : Exposing 1 endpoint beneath base path '/actuator'
2025-01-20T23:20:28.322+01:00  INFO 23276 --- [           main] o.s.t.web.servlet.TestDispatcherServlet  : Completed initialization in 8 ms
2025-01-20T23:20:28.333+01:00  INFO 23276 --- [           main] .c.ClubDelLibroControllerIntegrationTest : Started ClubDelLibroControllerIntegrationTest in 1.26 seconds (process running for 261.833)
2025-01-20T23:20:28.339+01:00  INFO 23276 --- [           main] i.unisa.biblionet.BiblionetApplication   : ***************************INIZIALIZZAZIONE DI BIBLIONET IN CORSO...***************************
2025-01-20T23:20:28.349+01:00  INFO 23276 --- [           main] i.unisa.biblionet.BiblionetApplication   : *************************** Biblioteche create 1/9 ***************************
2025-01-20T23:20:28.360+01:00  INFO 23276 --- [           main] i.unisa.biblionet.BiblionetApplication   : *************************** Esperti creati 2/9 ***************************
2025-01-20T23:20:28.367+01:00  INFO 23276 --- [           main] i.unisa.biblionet.BiblionetApplication   : *************************** Esperti creati 3/9 ***************************
2025-01-20T23:20:28.372+01:00  INFO 23276 --- [           main] i.unisa.biblionet.BiblionetApplication   : *************************** Generi creati 4/9 ***************************
2025-01-20T23:20:28.372+01:00  INFO 23276 --- [           main] i.unisa.biblionet.BiblionetApplication   : *************************** Caricamento libro 1/41 ***************************
2025-01-20T23:20:28.867+01:00  INFO 23276 --- [           main] i.unisa.biblionet.BiblionetApplication   : *************************** Caricamento libro 2/41 ***************************
2025-01-20T23:20:29.389+01:00  INFO 23276 --- [           main] i.unisa.biblionet.BiblionetApplication   : *************************** Caricamento libro 3/41 ***************************
2025-01-20T23:20:29.878+01:00  INFO 23276 --- [           main] i.unisa.biblionet.BiblionetApplication   : *************************** Caricamento libro 4/41 ***************************
2025-01-20T23:20:30.375+01:00  INFO 23276 --- [           main] i.unisa.biblionet.BiblionetApplication   : *************************** Caricamento libro 5/41 ***************************
2025-01-20T23:20:30.884+01:00  INFO 23276 --- [           main] i.unisa.biblionet.BiblionetApplication   : *************************** Caricamento libro 6/41 ***************************
2025-01-20T23:20:31.362+01:00  INFO 23276 --- [           main] i.unisa.biblionet.BiblionetApplication   : *************************** Caricamento libro 7/41 ***************************
2025-01-20T23:20:31.843+01:00  INFO 23276 --- [           main] i.unisa.biblionet.BiblionetApplication   : *************************** Caricamento libro 8/41 ***************************
2025-01-20T23:20:32.098+01:00  INFO 23276 --- [           main] i.unisa.biblionet.BiblionetApplication   : *************************** Caricamento libro 9/41 ***************************
2025-01-20T23:20:32.594+01:00  INFO 23276 --- [           main] i.unisa.biblionet.BiblionetApplication   : *************************** Caricamento libro 10/41 ***************************
2025-01-20T23:20:32.884+01:00  INFO 23276 --- [           main] i.unisa.biblionet.BiblionetApplication   : *************************** Caricamento libro 11/41 ***************************
2025-01-20T23:20:33.366+01:00  INFO 23276 --- [           main] i.unisa.biblionet.BiblionetApplication   : *************************** Caricamento libro 12/41 ***************************
2025-01-20T23:20:33.866+01:00  INFO 23276 --- [           main] i.unisa.biblionet.BiblionetApplication   : *************************** Caricamento libro 13/41 ***************************
2025-01-20T23:20:34.376+01:00  INFO 23276 --- [           main] i.unisa.biblionet.BiblionetApplication   : *************************** Caricamento libro 14/41 ***************************
2025-01-20T23:20:34.634+01:00  INFO 23276 --- [           main] i.unisa.biblionet.BiblionetApplication   : *************************** Caricamento libro 15/41 ***************************
2025-01-20T23:20:35.118+01:00  INFO 23276 --- [           main] i.unisa.biblionet.BiblionetApplication   : *************************** Caricamento libro 16/41 ***************************
2025-01-20T23:20:35.614+01:00  INFO 23276 --- [           main] i.unisa.biblionet.BiblionetApplication   : *************************** Caricamento libro 17/41 ***************************
2025-01-20T23:20:36.138+01:00  INFO 23276 --- [           main] i.unisa.biblionet.BiblionetApplication   : *************************** Caricamento libro 18/41 ***************************
2025-01-20T23:20:36.654+01:00  INFO 23276 --- [           main] i.unisa.biblionet.BiblionetApplication   : *************************** Caricamento libro 19/41 ***************************
2025-01-20T23:20:37.139+01:00  INFO 23276 --- [           main] i.unisa.biblionet.BiblionetApplication   : *************************** Caricamento libro 20/41 ***************************
2025-01-20T23:20:37.686+01:00  INFO 23276 --- [           main] i.unisa.biblionet.BiblionetApplication   : *************************** Caricamento libro 21/41 ***************************
2025-01-20T23:20:38.157+01:00  INFO 23276 --- [           main] i.unisa.biblionet.BiblionetApplication   : *************************** Caricamento libro 22/41 ***************************
2025-01-20T23:20:38.739+01:00  INFO 23276 --- [           main] i.unisa.biblionet.BiblionetApplication   : *************************** Caricamento libro 23/41 ***************************
2025-01-20T23:20:39.295+01:00  INFO 23276 --- [           main] i.unisa.biblionet.BiblionetApplication   : *************************** Caricamento libro 24/41 ***************************
2025-01-20T23:20:39.551+01:00  INFO 23276 --- [           main] i.unisa.biblionet.BiblionetApplication   : *************************** Caricamento libro 25/41 ***************************
2025-01-20T23:20:40.037+01:00  INFO 23276 --- [           main] i.unisa.biblionet.BiblionetApplication   : *************************** Caricamento libro 26/41 ***************************
2025-01-20T23:20:40.509+01:00  INFO 23276 --- [           main] i.unisa.biblionet.BiblionetApplication   : *************************** Caricamento libro 27/41 ***************************
2025-01-20T23:20:41.016+01:00  INFO 23276 --- [           main] i.unisa.biblionet.BiblionetApplication   : *************************** Caricamento libro 28/41 ***************************
2025-01-20T23:20:41.262+01:00  INFO 23276 --- [           main] i.unisa.biblionet.BiblionetApplication   : *************************** Caricamento libro 29/41 ***************************
2025-01-20T23:20:41.819+01:00  INFO 23276 --- [           main] i.unisa.biblionet.BiblionetApplication   : *************************** Caricamento libro 30/41 ***************************
2025-01-20T23:20:42.265+01:00  INFO 23276 --- [           main] i.unisa.biblionet.BiblionetApplication   : *************************** Caricamento libro 31/41 ***************************
2025-01-20T23:20:42.797+01:00  INFO 23276 --- [           main] i.unisa.biblionet.BiblionetApplication   : *************************** Caricamento libro 32/41 ***************************
2025-01-20T23:20:43.580+01:00  INFO 23276 --- [           main] i.unisa.biblionet.BiblionetApplication   : *************************** Caricamento libro 33/41 ***************************
2025-01-20T23:20:44.028+01:00  INFO 23276 --- [           main] i.unisa.biblionet.BiblionetApplication   : *************************** Caricamento libro 34/41 ***************************
2025-01-20T23:20:44.507+01:00  INFO 23276 --- [           main] i.unisa.biblionet.BiblionetApplication   : *************************** Caricamento libro 35/41 ***************************
2025-01-20T23:20:44.653+01:00  INFO 23276 --- [           main] i.unisa.biblionet.BiblionetApplication   : *************************** Caricamento libro 36/41 ***************************
2025-01-20T23:20:45.221+01:00  INFO 23276 --- [           main] i.unisa.biblionet.BiblionetApplication   : *************************** Caricamento libro 37/41 ***************************
2025-01-20T23:20:46.210+01:00  INFO 23276 --- [           main] i.unisa.biblionet.BiblionetApplication   : *************************** Caricamento libro 38/41 ***************************
2025-01-20T23:20:46.692+01:00  INFO 23276 --- [           main] i.unisa.biblionet.BiblionetApplication   : *************************** Caricamento libro 39/41 ***************************
2025-01-20T23:20:47.175+01:00  INFO 23276 --- [           main] i.unisa.biblionet.BiblionetApplication   : *************************** Caricamento libro 40/41 ***************************
2025-01-20T23:20:47.659+01:00  INFO 23276 --- [           main] i.unisa.biblionet.BiblionetApplication   : *************************** Caricamento libro 41/41 ***************************
2025-01-20T23:20:48.228+01:00  INFO 23276 --- [           main] i.unisa.biblionet.BiblionetApplication   : *************************** Libri creati 5/9 ***************************
2025-01-20T23:20:48.229+01:00  INFO 23276 --- [           main] i.unisa.biblionet.BiblionetApplication   : *************************** Inserimento Possessi biblioteca 1/10 ***************************
2025-01-20T23:20:48.230+01:00  INFO 23276 --- [           main] i.unisa.biblionet.BiblionetApplication   : *************************** Inserimento Possessi biblioteca 2/10 ***************************
2025-01-20T23:20:48.231+01:00  INFO 23276 --- [           main] i.unisa.biblionet.BiblionetApplication   : *************************** Inserimento Possessi biblioteca 3/10 ***************************
2025-01-20T23:20:48.232+01:00  INFO 23276 --- [           main] i.unisa.biblionet.BiblionetApplication   : *************************** Inserimento Possessi biblioteca 4/10 ***************************
2025-01-20T23:20:48.233+01:00  INFO 23276 --- [           main] i.unisa.biblionet.BiblionetApplication   : *************************** Inserimento Possessi biblioteca 5/10 ***************************
2025-01-20T23:20:48.234+01:00  INFO 23276 --- [           main] i.unisa.biblionet.BiblionetApplication   : *************************** Inserimento Possessi biblioteca 6/10 ***************************
2025-01-20T23:20:48.235+01:00  INFO 23276 --- [           main] i.unisa.biblionet.BiblionetApplication   : *************************** Inserimento Possessi biblioteca 7/10 ***************************
2025-01-20T23:20:48.237+01:00  INFO 23276 --- [           main] i.unisa.biblionet.BiblionetApplication   : *************************** Inserimento Possessi biblioteca 8/10 ***************************
2025-01-20T23:20:48.238+01:00  INFO 23276 --- [           main] i.unisa.biblionet.BiblionetApplication   : *************************** Inserimento Possessi biblioteca 9/10 ***************************
2025-01-20T23:20:48.239+01:00  INFO 23276 --- [           main] i.unisa.biblionet.BiblionetApplication   : *************************** Inserimento Possessi biblioteca 10/10 ***************************
2025-01-20T23:20:48.240+01:00  INFO 23276 --- [           main] i.unisa.biblionet.BiblionetApplication   : *************************** Possessi creati 6/9 ***************************
2025-01-20T23:20:48.244+01:00  INFO 23276 --- [           main] i.unisa.biblionet.BiblionetApplication   : *************************** Ticket creati 7/9 ***************************
2025-01-20T23:20:48.256+01:00  INFO 23276 --- [           main] i.unisa.biblionet.BiblionetApplication   : *************************** Club del Libro creati 8/9 ***************************
2025-01-20T23:20:48.259+01:00  INFO 23276 --- [           main] i.unisa.biblionet.BiblionetApplication   : *************************** Eventi creati 9/9 ***************************
2025-01-20T23:20:48.259+01:00  INFO 23276 --- [           main] i.unisa.biblionet.BiblionetApplication   : *************************** Recensioni create 3/3 ***************************
2025-01-20T23:20:48.262+01:00  INFO 23276 --- [           main] i.unisa.biblionet.BiblionetApplication   : *************************** DomandeBot create 4/4 ***************************
2025-01-20T23:20:48.263+01:00  INFO 23276 --- [           main] i.unisa.biblionet.BiblionetApplication   : *************************** DomandeBot create 4/4 ***************************
2025-01-20T23:20:48.265+01:00  INFO 23276 --- [           main] i.unisa.biblionet.BiblionetApplication   : *************************** RipsotaBot create 1/5 ***************************
2025-01-20T23:20:48.268+01:00  INFO 23276 --- [           main] i.unisa.biblionet.BiblionetApplication   : *************************** RispostaBot create 2/5 ***************************
2025-01-20T23:20:48.269+01:00  INFO 23276 --- [           main] i.unisa.biblionet.BiblionetApplication   : *************************** RispostaBot create 3/5 ***************************
2025-01-20T23:20:48.271+01:00  INFO 23276 --- [           main] i.unisa.biblionet.BiblionetApplication   : *************************** RispostaBot create 4/5 ***************************
2025-01-20T23:20:48.272+01:00  INFO 23276 --- [           main] i.unisa.biblionet.BiblionetApplication   : *************************** RispostaBot create 5/5 ***************************
2025-01-20T23:20:48.419+01:00  INFO 23276 --- [           main] i.unisa.biblionet.BiblionetApplication   : *************************** INIZIALIZZAZIONE DI BIBLIONET TERMINATA ***************************
2025-01-20T23:20:48.448+01:00  INFO 23276 --- [           main] j.LocalContainerEntityManagerFactoryBean : Closing JPA EntityManagerFactory for persistence unit 'default'
2025-01-20T23:20:48.451+01:00  INFO 23276 --- [           main] com.zaxxer.hikari.HikariDataSource       : HikariPool-15 - Shutdown initiated...
2025-01-20T23:20:48.453+01:00  INFO 23276 --- [           main] com.zaxxer.hikari.HikariDataSource       : HikariPool-15 - Shutdown completed.
]]></system-out>
  </testcase>
  <testcase name="visualizzaListaEventiClubTest" classname="it.unisa.biblionet.clubDelLibro.controller.ClubDelLibroControllerIntegrationTest" time="19.698">
    <system-out><![CDATA[2025-01-20T23:20:48.455+01:00  INFO 23276 --- [           main] o.s.b.d.r.RestartApplicationListener     : Restart disabled due to context in which it is running

  .   ____          _            __ _ _
 /\\ / ___'_ __ _ _(_)_ __  __ _ \ \ \ \
( ( )\___ | '_ | '_| | '_ \/ _` | \ \ \ \
 \\/  ___)| |_)| | | | | || (_| |  ) ) ) )
  '  |____| .__|_| |_|_| |_\__, | / / / /
 =========|_|==============|___/=/_/_/_/

 :: Spring Boot ::                (v3.4.1)

2025-01-20T23:20:48.473+01:00  INFO 23276 --- [           main] .c.ClubDelLibroControllerIntegrationTest : Starting ClubDelLibroControllerIntegrationTest using Java 23.0.1 with PID 23276 (started by anton in C:\Users\anton\IdeaProjects\Bibliotet3)
2025-01-20T23:20:48.473+01:00  INFO 23276 --- [           main] .c.ClubDelLibroControllerIntegrationTest : No active profile set, falling back to 1 default profile: "default"
2025-01-20T23:20:48.711+01:00  INFO 23276 --- [           main] .s.d.r.c.RepositoryConfigurationDelegate : Bootstrapping Spring Data JPA repositories in DEFAULT mode.
2025-01-20T23:20:48.766+01:00  INFO 23276 --- [           main] .s.d.r.c.RepositoryConfigurationDelegate : Finished Spring Data repository scanning in 53 ms. Found 15 JPA repository interfaces.
2025-01-20T23:20:48.831+01:00  INFO 23276 --- [           main] com.zaxxer.hikari.HikariDataSource       : HikariPool-16 - Starting...
2025-01-20T23:20:48.832+01:00  INFO 23276 --- [           main] com.zaxxer.hikari.pool.HikariPool        : HikariPool-16 - Added connection conn150: url=jdbc:h2:mem:db user=SA
2025-01-20T23:20:48.833+01:00  INFO 23276 --- [           main] com.zaxxer.hikari.HikariDataSource       : HikariPool-16 - Start completed.
2025-01-20T23:20:48.863+01:00  INFO 23276 --- [           main] o.hibernate.jpa.internal.util.LogHelper  : HHH000204: Processing PersistenceUnitInfo [name: default]
2025-01-20T23:20:48.866+01:00  INFO 23276 --- [           main] o.h.c.internal.RegionFactoryInitiator    : HHH000026: Second-level cache disabled
2025-01-20T23:20:48.887+01:00  INFO 23276 --- [           main] o.s.o.j.p.SpringPersistenceUnitInfo      : No LoadTimeWeaver setup: ignoring JPA class transformer
2025-01-20T23:20:48.888+01:00  INFO 23276 --- [           main] org.hibernate.orm.connections.pooling    : HHH10001005: Database info:
	Database JDBC URL [Connecting through datasource 'HikariDataSource (HikariPool-16)']
	Database driver: undefined/unknown
	Database version: 2.3.232
	Autocommit mode: undefined/unknown
	Isolation level: undefined/unknown
	Minimum pool size: undefined/unknown
	Maximum pool size: undefined/unknown
2025-01-20T23:20:49.091+01:00  INFO 23276 --- [           main] o.h.e.t.j.p.i.JtaPlatformInitiator       : HHH000489: No JTA platform available (set 'hibernate.transaction.jta.platform' to enable JTA platform integration)
2025-01-20T23:20:49.105+01:00  INFO 23276 --- [           main] j.LocalContainerEntityManagerFactoryBean : Initialized JPA EntityManagerFactory for persistence unit 'default'
2025-01-20T23:20:49.334+01:00  WARN 23276 --- [           main] JpaBaseConfiguration$JpaWebConfiguration : spring.jpa.open-in-view is enabled by default. Therefore, database queries may be performed during view rendering. Explicitly configure spring.jpa.open-in-view to disable this warning
2025-01-20T23:20:49.349+01:00  INFO 23276 --- [           main] o.s.b.a.w.s.WelcomePageHandlerMapping    : Adding welcome page template: index
2025-01-20T23:20:49.653+01:00  INFO 23276 --- [           main] o.s.b.t.m.w.SpringBootMockServletContext : Initializing Spring TestDispatcherServlet ''
2025-01-20T23:20:49.654+01:00  INFO 23276 --- [           main] o.s.t.web.servlet.TestDispatcherServlet  : Initializing Servlet ''
2025-01-20T23:20:49.656+01:00  INFO 23276 --- [           main] o.s.b.a.e.web.EndpointLinksResolver      : Exposing 1 endpoint beneath base path '/actuator'
2025-01-20T23:20:49.663+01:00  INFO 23276 --- [           main] o.s.t.web.servlet.TestDispatcherServlet  : Completed initialization in 9 ms
2025-01-20T23:20:49.676+01:00  INFO 23276 --- [           main] .c.ClubDelLibroControllerIntegrationTest : Started ClubDelLibroControllerIntegrationTest in 1.221 seconds (process running for 283.175)
2025-01-20T23:20:49.680+01:00  INFO 23276 --- [           main] i.unisa.biblionet.BiblionetApplication   : ***************************INIZIALIZZAZIONE DI BIBLIONET IN CORSO...***************************
2025-01-20T23:20:49.689+01:00  INFO 23276 --- [           main] i.unisa.biblionet.BiblionetApplication   : *************************** Biblioteche create 1/9 ***************************
2025-01-20T23:20:49.699+01:00  INFO 23276 --- [           main] i.unisa.biblionet.BiblionetApplication   : *************************** Esperti creati 2/9 ***************************
2025-01-20T23:20:49.703+01:00  INFO 23276 --- [           main] i.unisa.biblionet.BiblionetApplication   : *************************** Esperti creati 3/9 ***************************
2025-01-20T23:20:49.708+01:00  INFO 23276 --- [           main] i.unisa.biblionet.BiblionetApplication   : *************************** Generi creati 4/9 ***************************
2025-01-20T23:20:49.708+01:00  INFO 23276 --- [           main] i.unisa.biblionet.BiblionetApplication   : *************************** Caricamento libro 1/41 ***************************
2025-01-20T23:20:50.294+01:00  INFO 23276 --- [           main] i.unisa.biblionet.BiblionetApplication   : *************************** Caricamento libro 2/41 ***************************
2025-01-20T23:20:50.870+01:00  INFO 23276 --- [           main] i.unisa.biblionet.BiblionetApplication   : *************************** Caricamento libro 3/41 ***************************
2025-01-20T23:20:51.362+01:00  INFO 23276 --- [           main] i.unisa.biblionet.BiblionetApplication   : *************************** Caricamento libro 4/41 ***************************
2025-01-20T23:20:51.881+01:00  INFO 23276 --- [           main] i.unisa.biblionet.BiblionetApplication   : *************************** Caricamento libro 5/41 ***************************
2025-01-20T23:20:52.405+01:00  INFO 23276 --- [           main] i.unisa.biblionet.BiblionetApplication   : *************************** Caricamento libro 6/41 ***************************
2025-01-20T23:20:52.915+01:00  INFO 23276 --- [           main] i.unisa.biblionet.BiblionetApplication   : *************************** Caricamento libro 7/41 ***************************
2025-01-20T23:20:53.362+01:00  INFO 23276 --- [           main] i.unisa.biblionet.BiblionetApplication   : *************************** Caricamento libro 8/41 ***************************
2025-01-20T23:20:53.599+01:00  INFO 23276 --- [           main] i.unisa.biblionet.BiblionetApplication   : *************************** Caricamento libro 9/41 ***************************
2025-01-20T23:20:54.105+01:00  INFO 23276 --- [           main] i.unisa.biblionet.BiblionetApplication   : *************************** Caricamento libro 10/41 ***************************
2025-01-20T23:20:54.350+01:00  INFO 23276 --- [           main] i.unisa.biblionet.BiblionetApplication   : *************************** Caricamento libro 11/41 ***************************
2025-01-20T23:20:54.965+01:00  INFO 23276 --- [           main] i.unisa.biblionet.BiblionetApplication   : *************************** Caricamento libro 12/41 ***************************
2025-01-20T23:20:55.523+01:00  INFO 23276 --- [           main] i.unisa.biblionet.BiblionetApplication   : *************************** Caricamento libro 13/41 ***************************
2025-01-20T23:20:56.004+01:00  INFO 23276 --- [           main] i.unisa.biblionet.BiblionetApplication   : *************************** Caricamento libro 14/41 ***************************
2025-01-20T23:20:56.248+01:00  INFO 23276 --- [           main] i.unisa.biblionet.BiblionetApplication   : *************************** Caricamento libro 15/41 ***************************
2025-01-20T23:20:56.710+01:00  INFO 23276 --- [           main] i.unisa.biblionet.BiblionetApplication   : *************************** Caricamento libro 16/41 ***************************
2025-01-20T23:20:57.200+01:00  INFO 23276 --- [           main] i.unisa.biblionet.BiblionetApplication   : *************************** Caricamento libro 17/41 ***************************
2025-01-20T23:20:57.687+01:00  INFO 23276 --- [           main] i.unisa.biblionet.BiblionetApplication   : *************************** Caricamento libro 18/41 ***************************
2025-01-20T23:20:58.241+01:00  INFO 23276 --- [           main] i.unisa.biblionet.BiblionetApplication   : *************************** Caricamento libro 19/41 ***************************
2025-01-20T23:20:58.738+01:00  INFO 23276 --- [           main] i.unisa.biblionet.BiblionetApplication   : *************************** Caricamento libro 20/41 ***************************
2025-01-20T23:20:59.213+01:00  INFO 23276 --- [           main] i.unisa.biblionet.BiblionetApplication   : *************************** Caricamento libro 21/41 ***************************
2025-01-20T23:20:59.668+01:00  INFO 23276 --- [           main] i.unisa.biblionet.BiblionetApplication   : *************************** Caricamento libro 22/41 ***************************
2025-01-20T23:21:00.168+01:00  INFO 23276 --- [           main] i.unisa.biblionet.BiblionetApplication   : *************************** Caricamento libro 23/41 ***************************
2025-01-20T23:21:00.639+01:00  INFO 23276 --- [           main] i.unisa.biblionet.BiblionetApplication   : *************************** Caricamento libro 24/41 ***************************
2025-01-20T23:21:00.899+01:00  INFO 23276 --- [           main] i.unisa.biblionet.BiblionetApplication   : *************************** Caricamento libro 25/41 ***************************
2025-01-20T23:21:01.361+01:00  INFO 23276 --- [           main] i.unisa.biblionet.BiblionetApplication   : *************************** Caricamento libro 26/41 ***************************
2025-01-20T23:21:01.860+01:00  INFO 23276 --- [           main] i.unisa.biblionet.BiblionetApplication   : *************************** Caricamento libro 27/41 ***************************
2025-01-20T23:21:02.332+01:00  INFO 23276 --- [           main] i.unisa.biblionet.BiblionetApplication   : *************************** Caricamento libro 28/41 ***************************
2025-01-20T23:21:02.579+01:00  INFO 23276 --- [           main] i.unisa.biblionet.BiblionetApplication   : *************************** Caricamento libro 29/41 ***************************
2025-01-20T23:21:03.215+01:00  INFO 23276 --- [           main] i.unisa.biblionet.BiblionetApplication   : *************************** Caricamento libro 30/41 ***************************
2025-01-20T23:21:03.833+01:00  INFO 23276 --- [           main] i.unisa.biblionet.BiblionetApplication   : *************************** Caricamento libro 31/41 ***************************
2025-01-20T23:21:04.029+01:00  INFO 23276 --- [           main] i.unisa.biblionet.BiblionetApplication   : *************************** Caricamento libro 32/41 ***************************
2025-01-20T23:21:04.879+01:00  INFO 23276 --- [           main] i.unisa.biblionet.BiblionetApplication   : *************************** Caricamento libro 33/41 ***************************
2025-01-20T23:21:05.073+01:00  INFO 23276 --- [           main] i.unisa.biblionet.BiblionetApplication   : *************************** Caricamento libro 34/41 ***************************
2025-01-20T23:21:05.472+01:00  INFO 23276 --- [           main] i.unisa.biblionet.BiblionetApplication   : *************************** Caricamento libro 35/41 ***************************
2025-01-20T23:21:06.135+01:00  INFO 23276 --- [           main] i.unisa.biblionet.BiblionetApplication   : *************************** Caricamento libro 36/41 ***************************
2025-01-20T23:21:06.800+01:00  INFO 23276 --- [           main] i.unisa.biblionet.BiblionetApplication   : *************************** Caricamento libro 37/41 ***************************
2025-01-20T23:21:07.267+01:00  INFO 23276 --- [           main] i.unisa.biblionet.BiblionetApplication   : *************************** Caricamento libro 38/41 ***************************
2025-01-20T23:21:07.840+01:00  INFO 23276 --- [           main] i.unisa.biblionet.BiblionetApplication   : *************************** Caricamento libro 39/41 ***************************
2025-01-20T23:21:08.038+01:00  INFO 23276 --- [           main] i.unisa.biblionet.BiblionetApplication   : *************************** Caricamento libro 40/41 ***************************
2025-01-20T23:21:08.861+01:00  INFO 23276 --- [           main] i.unisa.biblionet.BiblionetApplication   : *************************** Caricamento libro 41/41 ***************************
2025-01-20T23:21:09.068+01:00  INFO 23276 --- [           main] i.unisa.biblionet.BiblionetApplication   : *************************** Libri creati 5/9 ***************************
2025-01-20T23:21:09.068+01:00  INFO 23276 --- [           main] i.unisa.biblionet.BiblionetApplication   : *************************** Inserimento Possessi biblioteca 1/10 ***************************
2025-01-20T23:21:09.071+01:00  INFO 23276 --- [           main] i.unisa.biblionet.BiblionetApplication   : *************************** Inserimento Possessi biblioteca 2/10 ***************************
2025-01-20T23:21:09.072+01:00  INFO 23276 --- [           main] i.unisa.biblionet.BiblionetApplication   : *************************** Inserimento Possessi biblioteca 3/10 ***************************
2025-01-20T23:21:09.073+01:00  INFO 23276 --- [           main] i.unisa.biblionet.BiblionetApplication   : *************************** Inserimento Possessi biblioteca 4/10 ***************************
2025-01-20T23:21:09.074+01:00  INFO 23276 --- [           main] i.unisa.biblionet.BiblionetApplication   : *************************** Inserimento Possessi biblioteca 5/10 ***************************
2025-01-20T23:21:09.075+01:00  INFO 23276 --- [           main] i.unisa.biblionet.BiblionetApplication   : *************************** Inserimento Possessi biblioteca 6/10 ***************************
2025-01-20T23:21:09.075+01:00  INFO 23276 --- [           main] i.unisa.biblionet.BiblionetApplication   : *************************** Inserimento Possessi biblioteca 7/10 ***************************
2025-01-20T23:21:09.077+01:00  INFO 23276 --- [           main] i.unisa.biblionet.BiblionetApplication   : *************************** Inserimento Possessi biblioteca 8/10 ***************************
2025-01-20T23:21:09.079+01:00  INFO 23276 --- [           main] i.unisa.biblionet.BiblionetApplication   : *************************** Inserimento Possessi biblioteca 9/10 ***************************
2025-01-20T23:21:09.080+01:00  INFO 23276 --- [           main] i.unisa.biblionet.BiblionetApplication   : *************************** Inserimento Possessi biblioteca 10/10 ***************************
2025-01-20T23:21:09.081+01:00  INFO 23276 --- [           main] i.unisa.biblionet.BiblionetApplication   : *************************** Possessi creati 6/9 ***************************
2025-01-20T23:21:09.085+01:00  INFO 23276 --- [           main] i.unisa.biblionet.BiblionetApplication   : *************************** Ticket creati 7/9 ***************************
2025-01-20T23:21:09.095+01:00  INFO 23276 --- [           main] i.unisa.biblionet.BiblionetApplication   : *************************** Club del Libro creati 8/9 ***************************
2025-01-20T23:21:09.099+01:00  INFO 23276 --- [           main] i.unisa.biblionet.BiblionetApplication   : *************************** Eventi creati 9/9 ***************************
2025-01-20T23:21:09.099+01:00  INFO 23276 --- [           main] i.unisa.biblionet.BiblionetApplication   : *************************** Recensioni create 3/3 ***************************
2025-01-20T23:21:09.102+01:00  INFO 23276 --- [           main] i.unisa.biblionet.BiblionetApplication   : *************************** DomandeBot create 4/4 ***************************
2025-01-20T23:21:09.103+01:00  INFO 23276 --- [           main] i.unisa.biblionet.BiblionetApplication   : *************************** DomandeBot create 4/4 ***************************
2025-01-20T23:21:09.104+01:00  INFO 23276 --- [           main] i.unisa.biblionet.BiblionetApplication   : *************************** RipsotaBot create 1/5 ***************************
2025-01-20T23:21:09.108+01:00  INFO 23276 --- [           main] i.unisa.biblionet.BiblionetApplication   : *************************** RispostaBot create 2/5 ***************************
2025-01-20T23:21:09.109+01:00  INFO 23276 --- [           main] i.unisa.biblionet.BiblionetApplication   : *************************** RispostaBot create 3/5 ***************************
2025-01-20T23:21:09.110+01:00  INFO 23276 --- [           main] i.unisa.biblionet.BiblionetApplication   : *************************** RispostaBot create 4/5 ***************************
2025-01-20T23:21:09.111+01:00  INFO 23276 --- [           main] i.unisa.biblionet.BiblionetApplication   : *************************** RispostaBot create 5/5 ***************************
2025-01-20T23:21:09.275+01:00  INFO 23276 --- [           main] i.unisa.biblionet.BiblionetApplication   : *************************** INIZIALIZZAZIONE DI BIBLIONET TERMINATA ***************************
2025-01-20T23:21:09.369+01:00  INFO 23276 --- [           main] j.LocalContainerEntityManagerFactoryBean : Closing JPA EntityManagerFactory for persistence unit 'default'
2025-01-20T23:21:09.373+01:00  INFO 23276 --- [           main] com.zaxxer.hikari.HikariDataSource       : HikariPool-16 - Shutdown initiated...
2025-01-20T23:21:09.376+01:00  INFO 23276 --- [           main] com.zaxxer.hikari.HikariDataSource       : HikariPool-16 - Shutdown completed.
]]></system-out>
  </testcase>
  <testcase name="visualizzaListaEventiComeBibliotecaTest" classname="it.unisa.biblionet.clubDelLibro.controller.ClubDelLibroControllerIntegrationTest" time="21.09">
    <system-out><![CDATA[2025-01-20T23:21:09.378+01:00  INFO 23276 --- [           main] o.s.b.d.r.RestartApplicationListener     : Restart disabled due to context in which it is running

  .   ____          _            __ _ _
 /\\ / ___'_ __ _ _(_)_ __  __ _ \ \ \ \
( ( )\___ | '_ | '_| | '_ \/ _` | \ \ \ \
 \\/  ___)| |_)| | | | | || (_| |  ) ) ) )
  '  |____| .__|_| |_|_| |_\__, | / / / /
 =========|_|==============|___/=/_/_/_/

 :: Spring Boot ::                (v3.4.1)

2025-01-20T23:21:09.398+01:00  INFO 23276 --- [           main] .c.ClubDelLibroControllerIntegrationTest : Starting ClubDelLibroControllerIntegrationTest using Java 23.0.1 with PID 23276 (started by anton in C:\Users\anton\IdeaProjects\Bibliotet3)
2025-01-20T23:21:09.398+01:00  INFO 23276 --- [           main] .c.ClubDelLibroControllerIntegrationTest : No active profile set, falling back to 1 default profile: "default"
2025-01-20T23:21:09.673+01:00  INFO 23276 --- [           main] .s.d.r.c.RepositoryConfigurationDelegate : Bootstrapping Spring Data JPA repositories in DEFAULT mode.
2025-01-20T23:21:09.731+01:00  INFO 23276 --- [           main] .s.d.r.c.RepositoryConfigurationDelegate : Finished Spring Data repository scanning in 57 ms. Found 15 JPA repository interfaces.
2025-01-20T23:21:09.808+01:00  INFO 23276 --- [           main] com.zaxxer.hikari.HikariDataSource       : HikariPool-17 - Starting...
2025-01-20T23:21:09.809+01:00  INFO 23276 --- [           main] com.zaxxer.hikari.pool.HikariPool        : HikariPool-17 - Added connection conn160: url=jdbc:h2:mem:db user=SA
2025-01-20T23:21:09.809+01:00  INFO 23276 --- [           main] com.zaxxer.hikari.HikariDataSource       : HikariPool-17 - Start completed.
2025-01-20T23:21:09.833+01:00  INFO 23276 --- [           main] o.hibernate.jpa.internal.util.LogHelper  : HHH000204: Processing PersistenceUnitInfo [name: default]
2025-01-20T23:21:09.835+01:00  INFO 23276 --- [           main] o.h.c.internal.RegionFactoryInitiator    : HHH000026: Second-level cache disabled
2025-01-20T23:21:09.855+01:00  INFO 23276 --- [           main] o.s.o.j.p.SpringPersistenceUnitInfo      : No LoadTimeWeaver setup: ignoring JPA class transformer
2025-01-20T23:21:09.856+01:00  INFO 23276 --- [           main] org.hibernate.orm.connections.pooling    : HHH10001005: Database info:
	Database JDBC URL [Connecting through datasource 'HikariDataSource (HikariPool-17)']
	Database driver: undefined/unknown
	Database version: 2.3.232
	Autocommit mode: undefined/unknown
	Isolation level: undefined/unknown
	Minimum pool size: undefined/unknown
	Maximum pool size: undefined/unknown
2025-01-20T23:21:10.055+01:00  INFO 23276 --- [           main] o.h.e.t.j.p.i.JtaPlatformInitiator       : HHH000489: No JTA platform available (set 'hibernate.transaction.jta.platform' to enable JTA platform integration)
2025-01-20T23:21:10.068+01:00  INFO 23276 --- [           main] j.LocalContainerEntityManagerFactoryBean : Initialized JPA EntityManagerFactory for persistence unit 'default'
2025-01-20T23:21:10.264+01:00  WARN 23276 --- [           main] JpaBaseConfiguration$JpaWebConfiguration : spring.jpa.open-in-view is enabled by default. Therefore, database queries may be performed during view rendering. Explicitly configure spring.jpa.open-in-view to disable this warning
2025-01-20T23:21:10.288+01:00  INFO 23276 --- [           main] o.s.b.a.w.s.WelcomePageHandlerMapping    : Adding welcome page template: index
2025-01-20T23:21:10.627+01:00  INFO 23276 --- [           main] o.s.b.t.m.w.SpringBootMockServletContext : Initializing Spring TestDispatcherServlet ''
2025-01-20T23:21:10.627+01:00  INFO 23276 --- [           main] o.s.t.web.servlet.TestDispatcherServlet  : Initializing Servlet ''
2025-01-20T23:21:10.630+01:00  INFO 23276 --- [           main] o.s.b.a.e.web.EndpointLinksResolver      : Exposing 1 endpoint beneath base path '/actuator'
2025-01-20T23:21:10.637+01:00  INFO 23276 --- [           main] o.s.t.web.servlet.TestDispatcherServlet  : Completed initialization in 10 ms
2025-01-20T23:21:10.654+01:00  INFO 23276 --- [           main] .c.ClubDelLibroControllerIntegrationTest : Started ClubDelLibroControllerIntegrationTest in 1.276 seconds (process running for 304.155)
2025-01-20T23:21:10.662+01:00  INFO 23276 --- [           main] i.unisa.biblionet.BiblionetApplication   : ***************************INIZIALIZZAZIONE DI BIBLIONET IN CORSO...***************************
2025-01-20T23:21:10.671+01:00  INFO 23276 --- [           main] i.unisa.biblionet.BiblionetApplication   : *************************** Biblioteche create 1/9 ***************************
2025-01-20T23:21:10.680+01:00  INFO 23276 --- [           main] i.unisa.biblionet.BiblionetApplication   : *************************** Esperti creati 2/9 ***************************
2025-01-20T23:21:10.685+01:00  INFO 23276 --- [           main] i.unisa.biblionet.BiblionetApplication   : *************************** Esperti creati 3/9 ***************************
2025-01-20T23:21:10.690+01:00  INFO 23276 --- [           main] i.unisa.biblionet.BiblionetApplication   : *************************** Generi creati 4/9 ***************************
2025-01-20T23:21:10.690+01:00  INFO 23276 --- [           main] i.unisa.biblionet.BiblionetApplication   : *************************** Caricamento libro 1/41 ***************************
2025-01-20T23:21:11.413+01:00  INFO 23276 --- [           main] i.unisa.biblionet.BiblionetApplication   : *************************** Caricamento libro 2/41 ***************************
2025-01-20T23:21:12.032+01:00  INFO 23276 --- [           main] i.unisa.biblionet.BiblionetApplication   : *************************** Caricamento libro 3/41 ***************************
2025-01-20T23:21:12.637+01:00  INFO 23276 --- [           main] i.unisa.biblionet.BiblionetApplication   : *************************** Caricamento libro 4/41 ***************************
2025-01-20T23:21:13.260+01:00  INFO 23276 --- [           main] i.unisa.biblionet.BiblionetApplication   : *************************** Caricamento libro 5/41 ***************************
2025-01-20T23:21:13.865+01:00  INFO 23276 --- [           main] i.unisa.biblionet.BiblionetApplication   : *************************** Caricamento libro 6/41 ***************************
2025-01-20T23:21:14.487+01:00  INFO 23276 --- [           main] i.unisa.biblionet.BiblionetApplication   : *************************** Caricamento libro 7/41 ***************************
2025-01-20T23:21:15.030+01:00  INFO 23276 --- [           main] i.unisa.biblionet.BiblionetApplication   : *************************** Caricamento libro 8/41 ***************************
2025-01-20T23:21:15.283+01:00  INFO 23276 --- [           main] i.unisa.biblionet.BiblionetApplication   : *************************** Caricamento libro 9/41 ***************************
2025-01-20T23:21:15.780+01:00  INFO 23276 --- [           main] i.unisa.biblionet.BiblionetApplication   : *************************** Caricamento libro 10/41 ***************************
2025-01-20T23:21:16.037+01:00  INFO 23276 --- [           main] i.unisa.biblionet.BiblionetApplication   : *************************** Caricamento libro 11/41 ***************************
2025-01-20T23:21:16.584+01:00  INFO 23276 --- [           main] i.unisa.biblionet.BiblionetApplication   : *************************** Caricamento libro 12/41 ***************************
2025-01-20T23:21:17.260+01:00  INFO 23276 --- [           main] i.unisa.biblionet.BiblionetApplication   : *************************** Caricamento libro 13/41 ***************************
2025-01-20T23:21:18.114+01:00  INFO 23276 --- [           main] i.unisa.biblionet.BiblionetApplication   : *************************** Caricamento libro 14/41 ***************************
2025-01-20T23:21:18.434+01:00  INFO 23276 --- [           main] i.unisa.biblionet.BiblionetApplication   : *************************** Caricamento libro 15/41 ***************************
2025-01-20T23:21:19.045+01:00  INFO 23276 --- [           main] i.unisa.biblionet.BiblionetApplication   : *************************** Caricamento libro 16/41 ***************************
2025-01-20T23:21:19.600+01:00  INFO 23276 --- [           main] i.unisa.biblionet.BiblionetApplication   : *************************** Caricamento libro 17/41 ***************************
2025-01-20T23:21:20.077+01:00  INFO 23276 --- [           main] i.unisa.biblionet.BiblionetApplication   : *************************** Caricamento libro 18/41 ***************************
2025-01-20T23:21:20.666+01:00  INFO 23276 --- [           main] i.unisa.biblionet.BiblionetApplication   : *************************** Caricamento libro 19/41 ***************************
2025-01-20T23:21:21.174+01:00  INFO 23276 --- [           main] i.unisa.biblionet.BiblionetApplication   : *************************** Caricamento libro 20/41 ***************************
2025-01-20T23:21:21.646+01:00  INFO 23276 --- [           main] i.unisa.biblionet.BiblionetApplication   : *************************** Caricamento libro 21/41 ***************************
2025-01-20T23:21:22.134+01:00  INFO 23276 --- [           main] i.unisa.biblionet.BiblionetApplication   : *************************** Caricamento libro 22/41 ***************************
2025-01-20T23:21:22.662+01:00  INFO 23276 --- [           main] i.unisa.biblionet.BiblionetApplication   : *************************** Caricamento libro 23/41 ***************************
2025-01-20T23:21:23.192+01:00  INFO 23276 --- [           main] i.unisa.biblionet.BiblionetApplication   : *************************** Caricamento libro 24/41 ***************************
2025-01-20T23:21:23.442+01:00  INFO 23276 --- [           main] i.unisa.biblionet.BiblionetApplication   : *************************** Caricamento libro 25/41 ***************************
2025-01-20T23:21:23.968+01:00  INFO 23276 --- [           main] i.unisa.biblionet.BiblionetApplication   : *************************** Caricamento libro 26/41 ***************************
2025-01-20T23:21:24.481+01:00  INFO 23276 --- [           main] i.unisa.biblionet.BiblionetApplication   : *************************** Caricamento libro 27/41 ***************************
2025-01-20T23:21:24.962+01:00  INFO 23276 --- [           main] i.unisa.biblionet.BiblionetApplication   : *************************** Caricamento libro 28/41 ***************************
2025-01-20T23:21:25.210+01:00  INFO 23276 --- [           main] i.unisa.biblionet.BiblionetApplication   : *************************** Caricamento libro 29/41 ***************************
2025-01-20T23:21:25.729+01:00  INFO 23276 --- [           main] i.unisa.biblionet.BiblionetApplication   : *************************** Caricamento libro 30/41 ***************************
2025-01-20T23:21:26.215+01:00  INFO 23276 --- [           main] i.unisa.biblionet.BiblionetApplication   : *************************** Caricamento libro 31/41 ***************************
2025-01-20T23:21:26.734+01:00  INFO 23276 --- [           main] i.unisa.biblionet.BiblionetApplication   : *************************** Caricamento libro 32/41 ***************************
2025-01-20T23:21:27.218+01:00  INFO 23276 --- [           main] i.unisa.biblionet.BiblionetApplication   : *************************** Caricamento libro 33/41 ***************************
2025-01-20T23:21:27.694+01:00  INFO 23276 --- [           main] i.unisa.biblionet.BiblionetApplication   : *************************** Caricamento libro 34/41 ***************************
2025-01-20T23:21:28.202+01:00  INFO 23276 --- [           main] i.unisa.biblionet.BiblionetApplication   : *************************** Caricamento libro 35/41 ***************************
2025-01-20T23:21:28.488+01:00  INFO 23276 --- [           main] i.unisa.biblionet.BiblionetApplication   : *************************** Caricamento libro 36/41 ***************************
2025-01-20T23:21:28.975+01:00  INFO 23276 --- [           main] i.unisa.biblionet.BiblionetApplication   : *************************** Caricamento libro 37/41 ***************************
2025-01-20T23:21:29.466+01:00  INFO 23276 --- [           main] i.unisa.biblionet.BiblionetApplication   : *************************** Caricamento libro 38/41 ***************************
2025-01-20T23:21:29.921+01:00  INFO 23276 --- [           main] i.unisa.biblionet.BiblionetApplication   : *************************** Caricamento libro 39/41 ***************************
2025-01-20T23:21:30.479+01:00  INFO 23276 --- [           main] i.unisa.biblionet.BiblionetApplication   : *************************** Caricamento libro 40/41 ***************************
2025-01-20T23:21:30.994+01:00  INFO 23276 --- [           main] i.unisa.biblionet.BiblionetApplication   : *************************** Caricamento libro 41/41 ***************************
2025-01-20T23:21:31.516+01:00  INFO 23276 --- [           main] i.unisa.biblionet.BiblionetApplication   : *************************** Libri creati 5/9 ***************************
2025-01-20T23:21:31.516+01:00  INFO 23276 --- [           main] i.unisa.biblionet.BiblionetApplication   : *************************** Inserimento Possessi biblioteca 1/10 ***************************
2025-01-20T23:21:31.519+01:00  INFO 23276 --- [           main] i.unisa.biblionet.BiblionetApplication   : *************************** Inserimento Possessi biblioteca 2/10 ***************************
2025-01-20T23:21:31.520+01:00  INFO 23276 --- [           main] i.unisa.biblionet.BiblionetApplication   : *************************** Inserimento Possessi biblioteca 3/10 ***************************
2025-01-20T23:21:31.521+01:00  INFO 23276 --- [           main] i.unisa.biblionet.BiblionetApplication   : *************************** Inserimento Possessi biblioteca 4/10 ***************************
2025-01-20T23:21:31.522+01:00  INFO 23276 --- [           main] i.unisa.biblionet.BiblionetApplication   : *************************** Inserimento Possessi biblioteca 5/10 ***************************
2025-01-20T23:21:31.524+01:00  INFO 23276 --- [           main] i.unisa.biblionet.BiblionetApplication   : *************************** Inserimento Possessi biblioteca 6/10 ***************************
2025-01-20T23:21:31.526+01:00  INFO 23276 --- [           main] i.unisa.biblionet.BiblionetApplication   : *************************** Inserimento Possessi biblioteca 7/10 ***************************
2025-01-20T23:21:31.527+01:00  INFO 23276 --- [           main] i.unisa.biblionet.BiblionetApplication   : *************************** Inserimento Possessi biblioteca 8/10 ***************************
2025-01-20T23:21:31.528+01:00  INFO 23276 --- [           main] i.unisa.biblionet.BiblionetApplication   : *************************** Inserimento Possessi biblioteca 9/10 ***************************
2025-01-20T23:21:31.529+01:00  INFO 23276 --- [           main] i.unisa.biblionet.BiblionetApplication   : *************************** Inserimento Possessi biblioteca 10/10 ***************************
2025-01-20T23:21:31.531+01:00  INFO 23276 --- [           main] i.unisa.biblionet.BiblionetApplication   : *************************** Possessi creati 6/9 ***************************
2025-01-20T23:21:31.534+01:00  INFO 23276 --- [           main] i.unisa.biblionet.BiblionetApplication   : *************************** Ticket creati 7/9 ***************************
2025-01-20T23:21:31.549+01:00  INFO 23276 --- [           main] i.unisa.biblionet.BiblionetApplication   : *************************** Club del Libro creati 8/9 ***************************
2025-01-20T23:21:31.552+01:00  INFO 23276 --- [           main] i.unisa.biblionet.BiblionetApplication   : *************************** Eventi creati 9/9 ***************************
2025-01-20T23:21:31.552+01:00  INFO 23276 --- [           main] i.unisa.biblionet.BiblionetApplication   : *************************** Recensioni create 3/3 ***************************
2025-01-20T23:21:31.555+01:00  INFO 23276 --- [           main] i.unisa.biblionet.BiblionetApplication   : *************************** DomandeBot create 4/4 ***************************
2025-01-20T23:21:31.556+01:00  INFO 23276 --- [           main] i.unisa.biblionet.BiblionetApplication   : *************************** DomandeBot create 4/4 ***************************
2025-01-20T23:21:31.558+01:00  INFO 23276 --- [           main] i.unisa.biblionet.BiblionetApplication   : *************************** RipsotaBot create 1/5 ***************************
2025-01-20T23:21:31.561+01:00  INFO 23276 --- [           main] i.unisa.biblionet.BiblionetApplication   : *************************** RispostaBot create 2/5 ***************************
2025-01-20T23:21:31.563+01:00  INFO 23276 --- [           main] i.unisa.biblionet.BiblionetApplication   : *************************** RispostaBot create 3/5 ***************************
2025-01-20T23:21:31.563+01:00  INFO 23276 --- [           main] i.unisa.biblionet.BiblionetApplication   : *************************** RispostaBot create 4/5 ***************************
2025-01-20T23:21:31.564+01:00  INFO 23276 --- [           main] i.unisa.biblionet.BiblionetApplication   : *************************** RispostaBot create 5/5 ***************************
2025-01-20T23:21:31.713+01:00  INFO 23276 --- [           main] i.unisa.biblionet.BiblionetApplication   : *************************** INIZIALIZZAZIONE DI BIBLIONET TERMINATA ***************************
2025-01-20T23:21:31.742+01:00  INFO 23276 --- [           main] j.LocalContainerEntityManagerFactoryBean : Closing JPA EntityManagerFactory for persistence unit 'default'
2025-01-20T23:21:31.744+01:00  INFO 23276 --- [           main] com.zaxxer.hikari.HikariDataSource       : HikariPool-17 - Shutdown initiated...
2025-01-20T23:21:31.746+01:00  INFO 23276 --- [           main] com.zaxxer.hikari.HikariDataSource       : HikariPool-17 - Shutdown completed.
]]></system-out>
  </testcase>
</testsuite>